<?xml version="1.0" encoding="UTF-8"?>
<testng-results ignored="0" total="3" passed="2" failed="1" skipped="0">
  <reporter-output>
  </reporter-output>
  <suite started-at="2025-04-21T21:52:33 IST" name="AutomationPOC" finished-at="2025-04-21T21:52:42 IST" duration-ms="8708">
    <groups>
    </groups>
    <test started-at="2025-04-21T21:52:33 IST" name="GoRest Test" finished-at="2025-04-21T21:52:42 IST" duration-ms="8708">
      <class name="api.UserApiTest">
        <test-method signature="createUser()[pri:0, instance:api.UserApiTest@682b2fa]" started-at="2025-04-21T21:52:33 IST" name="createUser" finished-at="2025-04-21T21:52:39 IST" duration-ms="5799" status="PASS">
          <reporter-output>
          </reporter-output>
        </test-method> <!-- createUser -->
        <test-method signature="getUsers()[pri:0, instance:api.UserApiTest@682b2fa]" started-at="2025-04-21T21:52:39 IST" name="getUsers" finished-at="2025-04-21T21:52:41 IST" duration-ms="1643" status="FAIL">
          <exception class="java.lang.AssertionError">
            <message>
              <![CDATA[User status is not active for user ID: 7843386 expected [active] but found [inactive]]]>
            </message>
            <full-stacktrace>
              <![CDATA[java.lang.AssertionError: User status is not active for user ID: 7843386 expected [active] but found [inactive]
at org.testng.Assert.fail(Assert.java:111)
at org.testng.Assert.failNotEquals(Assert.java:1578)
at org.testng.Assert.assertEqualsImpl(Assert.java:150)
at org.testng.Assert.assertEquals(Assert.java:132)
at org.testng.Assert.assertEquals(Assert.java:656)
at api.UserApiTest.assertValidUser(UserApiTest.java:65)
at api.UserApiTest.getUsers(UserApiTest.java:29)
at java.base/jdk.internal.reflect.DirectMethodHandleAccessor.invoke(DirectMethodHandleAccessor.java:103)
at java.base/java.lang.reflect.Method.invoke(Method.java:580)
at org.testng.internal.invokers.MethodInvocationHelper.invokeMethod(MethodInvocationHelper.java:141)
at org.testng.internal.invokers.TestInvoker.invokeMethod(TestInvoker.java:686)
at org.testng.internal.invokers.TestInvoker.invokeTestMethod(TestInvoker.java:230)
at org.testng.internal.invokers.MethodRunner.runInSequence(MethodRunner.java:63)
at org.testng.internal.invokers.TestInvoker$MethodInvocationAgent.invoke(TestInvoker.java:992)
at org.testng.internal.invokers.TestInvoker.invokeTestMethods(TestInvoker.java:203)
at org.testng.internal.invokers.TestMethodWorker.invokeTestMethods(TestMethodWorker.java:154)
at org.testng.internal.invokers.TestMethodWorker.run(TestMethodWorker.java:134)
at java.base/java.util.ArrayList.forEach(ArrayList.java:1596)
at org.testng.TestRunner.privateRun(TestRunner.java:739)
at org.testng.TestRunner.run(TestRunner.java:614)
at org.testng.SuiteRunner.runTest(SuiteRunner.java:421)
at org.testng.SuiteRunner.runSequentially(SuiteRunner.java:413)
at org.testng.SuiteRunner.privateRun(SuiteRunner.java:373)
at org.testng.SuiteRunner.run(SuiteRunner.java:312)
at org.testng.SuiteRunnerWorker.runSuite(SuiteRunnerWorker.java:52)
at org.testng.SuiteRunnerWorker.run(SuiteRunnerWorker.java:95)
at org.testng.TestNG.runSuitesSequentially(TestNG.java:1274)
at org.testng.TestNG.runSuitesLocally(TestNG.java:1208)
at org.testng.TestNG.runSuites(TestNG.java:1112)
at org.testng.TestNG.run(TestNG.java:1079)
at org.testng.remote.AbstractRemoteTestNG.run(AbstractRemoteTestNG.java:115)
at org.testng.remote.RemoteTestNG.initAndRun(RemoteTestNG.java:293)
at org.testng.remote.RemoteTestNG.main(RemoteTestNG.java:91)
]]>
            </full-stacktrace>
          </exception> <!-- java.lang.AssertionError -->
          <reporter-output>
          </reporter-output>
        </test-method> <!-- getUsers -->
        <test-method signature="deleteUser()[pri:0, instance:api.UserApiTest@682b2fa]" started-at="2025-04-21T21:52:41 IST" name="deleteUser" finished-at="2025-04-21T21:52:42 IST" depends-on-methods="api.UserApiTest.createUser" duration-ms="1185" status="PASS">
          <reporter-output>
          </reporter-output>
        </test-method> <!-- deleteUser -->
      </class> <!-- api.UserApiTest -->
    </test> <!-- GoRest Test -->
  </suite> <!-- AutomationPOC -->
</testng-results>
